2024-03-11
412G	/export/home/e17072
380G	/export/home/e17331
339G	/export/home/e17134
297G	/export/home/e18282
289G	/export/home/e14240
272G	/export/home/e17380
241G	/export/home/e17342
225G	/export/home/e14339
197G	/export/home/e18030
170G	/export/home/e16054
157G	/export/home/e15307
143G	/export/home/e17207
136G	/export/home/e17358
136G	/export/home/e16261
133G	/export/home/e16168
131G	/export/home/e14379
108G	/export/home/e15139
102G	/export/home/e16057
91G	/export/home/e17194
90G	/export/home/e16078
85G	/export/home/e17154
83G	/export/home/e17318
79G	/export/home/e17252
78G	/export/home/e14237
78G	/export/home/e13058
77G	/export/home/e19436
77G	/export/home/e15154
75G	/export/home/e15280
74G	/export/home/e16369
72G	/export/home/e15347
71G	/export/home/e17369
67G	/export/home/e17201
66G	/export/home/e15092
62G	/export/home/e18283
62G	/export/home/e12206
57G	/export/home/e15136
56G	/export/home/e13366
54G	/export/home/e16388
53G	/export/home/e16172
52G	/export/home/e15209
51G	/export/home/e17296
51G	/export/home/e15233
50G	/export/home/e15325
48G	/export/home/e15390
48G	/export/home/avishkap
46G	/export/home/e17256
45G	/export/home/e17044
42G	/export/home/e18098
42G	/export/home/e17058
41G	/export/home/e15265
38G	/export/home/krishnas
38G	/export/home/e17284
38G	/export/home/e14317
38G	/export/home/ce-shared-files
37G	/export/home/e17407
36G	/export/home/e15048
35G	/export/home/e17018
35G	/export/home/e17012
34G	/export/home/testuser
34G	/export/home/e14181
33G	/export/home/e11381
30G	/export/home/e16332
29G	/export/home/e14194
28G	/export/home/e16313
28G	/export/home/e16203
27G	/export/home/e18245
27G	/export/home/e15387
25G	/export/home/e16368
25G	/export/home/e16320
25G	/export/home/e16088
25G	/export/home/e15373
25G	/export/home/e14213
25G	/export/home/e14141
24G	/export/home/e15346
23G	/export/home/e17230
23G	/export/home/e16366
23G	/export/home/e15187
23G	/export/home/e14262
23G	/export/home/e14068
22G	/export/home/e18297
22G	/export/home/e15179
21G	/export/home/e17006
21G	/export/home/e15299
20G	/export/home/e15138
20G	/export/home/e15065
19G	/export/home/e16134
19G	/export/home/e15023
19G	/export/home/e14080
18G	/export/home/e17190
18G	/export/home/e15385
18G	/export/home/e15383
18G	/export/home/e14322
17G	/export/home/e14298
17G	/export/home/e14037
16G	/export/home/e14216
15G	/export/home/e15208
15G	/export/home/e14233
14G	/export/home/e18402
14G	/export/home/e16081
14G	/export/home/e14054
14G	/export/home/e13277
13G	/export/home/e16063
13G	/export/home/e14404
13G	/export/home/e13181
12G	/export/home/e15316
12G	/export/home/e14336
12G	/export/home/e14158
11G	/export/home/e15010
11G	/export/home/e14065
11G	/export/home/e14049
11G	/export/home/e12088
